#
# A fatal error has been detected by the Java Runtime Environment:
#
#  Internal Error (./open/src/hotspot/share/runtime/vmThread.cpp:680), pid=3548, tid=8108
#  fatal error: Nested VM operation CollectForMetadataAllocation requested by operation ChangeBreakpoints
#
# JRE version: Java(TM) SE Runtime Environment 18.9 (11.0.12+8) (build 11.0.12+8-LTS-237)
# Java VM: Java HotSpot(TM) 64-Bit Server VM 18.9 (11.0.12+8-LTS-237, mixed mode, tiered, compressed oops, g1 gc, windows-amd64)
# No core dump will be written. Minidumps are not enabled by default on client versions of Windows
#
# If you would like to submit a bug report, please visit:
#   https://bugreport.java.com/bugreport/crash.jsp
#

---------------  S U M M A R Y ------------

Command Line: -agentlib:jdwp=transport=dt_socket,address=127.0.0.1:58427,suspend=y,server=n -XX:TieredStopAtLevel=1 -Xverify:none -Dspring.output.ansi.enabled=always -javaagent:D:\Programs\IntellijIDEA_2020_3_2\plugins\java\lib\rt\debugger-agent.jar -Dcom.sun.management.jmxremote -Dspring.jmx.enabled=true -Dspring.liveBeansView.mbeanDomain -Dspring.application.admin.enabled=true -Dfile.encoding=UTF-8 com.tochko.advertising_platform.AdvertisingPlatformApplication

Host: Intel(R) Core(TM) i5-8250U CPU @ 1.60GHz, 8 cores, 11G,  Windows 10 , 64 bit Build 19041 (10.0.19041.1645)
Time: Wed Apr 27 23:49:22 2022 Финляндия (лето) elapsed time: 5.505148 seconds (0d 0h 0m 5s)

---------------  T H R E A D  ---------------

Current thread (0x0000026844923800):  VMThread "VM Thread" [stack: 0x000000c264200000,0x000000c264300000] [id=8108]

Stack: [0x000000c264200000,0x000000c264300000]
[error occurred during error reporting (printing stack bounds), id 0xc0000005, EXCEPTION_ACCESS_VIOLATION (0xc0000005) at pc=0x000002682aa30f2d]

Native frames: (J=compiled Java code, j=interpreted, Vv=VM code, C=native code)
V  [jvm.dll+0x617d9a]
V  [jvm.dll+0x74eeef]
V  [jvm.dll+0x750599]
V  [jvm.dll+0x750b85]
V  [jvm.dll+0x750b3b]
V  [jvm.dll+0x6175d3]
V  [jvm.dll+0x617998]
C  [ntdll.dll+0xa20cf]
C  [ntdll.dll+0x51454]
C  [ntdll.dll+0xa0bfe]
C  0x000002682aa30f2d

VM_Operation (0x000000c264bff260): ChangeBreakpoints, mode: safepoint, requested by thread 0x0000026844b7a000


---------------  P R O C E S S  ---------------

Threads class SMR info:
_java_thread_list=0x0000026848ccf2b0, length=22, elements={
0x0000026820da3000, 0x0000026844948800, 0x0000026844951800, 0x00000268449a5000,
0x00000268449a7000, 0x00000268449a8800, 0x00000268449ab800, 0x00000268449b3000,
0x00000268440d6800, 0x0000026844b7a000, 0x0000026844b95800, 0x0000026844b96800,
0x0000026845280000, 0x0000026846022000, 0x000002684602d000, 0x0000026846005000,
0x0000026846341000, 0x00000268485e3800, 0x000002684860b800, 0x0000026848a97800,
0x0000026848a1a800, 0x00000268489c0800
}

Java Threads: ( => current thread )
  0x0000026820da3000 JavaThread "main" [_thread_blocked, id=15212, stack(0x000000c263c00000,0x000000c263d00000)]
  0x0000026844948800 JavaThread "Reference Handler" daemon [_thread_blocked, id=8960, stack(0x000000c264300000,0x000000c264400000)]
  0x0000026844951800 JavaThread "Finalizer" daemon [_thread_blocked, id=7652, stack(0x000000c264400000,0x000000c264500000)]
  0x00000268449a5000 JavaThread "Signal Dispatcher" daemon [_thread_blocked, id=4804, stack(0x000000c264500000,0x000000c264600000)]
  0x00000268449a7000 JavaThread "Attach Listener" daemon [_thread_blocked, id=12020, stack(0x000000c264600000,0x000000c264700000)]
  0x00000268449a8800 JavaThread "Service Thread" daemon [_thread_blocked, id=11368, stack(0x000000c264700000,0x000000c264800000)]
  0x00000268449ab800 JavaThread "C1 CompilerThread0" daemon [_thread_blocked, id=5084, stack(0x000000c264800000,0x000000c264900000)]
  0x00000268449b3000 JavaThread "Sweeper thread" daemon [_thread_blocked, id=3108, stack(0x000000c264900000,0x000000c264a00000)]
  0x00000268440d6800 JavaThread "Common-Cleaner" daemon [_thread_blocked, id=2992, stack(0x000000c264a00000,0x000000c264b00000)]
  0x0000026844b7a000 JavaThread "JDWP Transport Listener: dt_socket" daemon [_thread_blocked, id=15688, stack(0x000000c264b00000,0x000000c264c00000)]
  0x0000026844b95800 JavaThread "JDWP Event Helper Thread" daemon [_thread_blocked, id=808, stack(0x000000c264c00000,0x000000c264d00000)]
  0x0000026844b96800 JavaThread "JDWP Command Reader" daemon [_thread_in_native, id=14720, stack(0x000000c264d00000,0x000000c264e00000)]
  0x0000026845280000 JavaThread "RMI TCP Accept-0" daemon [_thread_in_native, id=9988, stack(0x000000c264e00000,0x000000c264f00000)]
  0x0000026846022000 JavaThread "Thread-0" [_thread_blocked, id=7916, stack(0x000000c265300000,0x000000c265400000)]
  0x000002684602d000 JavaThread "restartedMain" [_thread_blocked, id=15808, stack(0x000000c265400000,0x000000c265500000)]
  0x0000026846005000 JavaThread "RMI TCP Connection(1)-172.31.224.1" daemon [_thread_blocked, id=7768, stack(0x000000c265b00000,0x000000c265c00000)]
  0x0000026846341000 JavaThread "RMI Scheduler(0)" daemon [_thread_blocked, id=7352, stack(0x000000c265c00000,0x000000c265d00000)]
  0x00000268485e3800 JavaThread "HikariPool-1 housekeeper" daemon [_thread_blocked, id=16172, stack(0x000000c265d00000,0x000000c265e00000)]
  0x000002684860b800 JavaThread "HikariPool-1 connection adder" daemon [_thread_blocked, id=14040, stack(0x000000c265e00000,0x000000c265f00000)]
  0x0000026848a97800 JavaThread "Catalina-utility-1" [_thread_blocked, id=11216, stack(0x000000c265f00000,0x000000c266000000)]
  0x0000026848a1a800 JavaThread "Catalina-utility-2" [_thread_blocked, id=12480, stack(0x000000c266000000,0x000000c266100000)]
  0x00000268489c0800 JavaThread "container-0" [_thread_blocked, id=5332, stack(0x000000c266100000,0x000000c266200000)]

Other Threads:
=>0x0000026844923800 VMThread "VM Thread" [stack: 0x000000c264200000,0x000000c264300000] [id=8108]
  0x00000268452af000 WatcherThread [stack: 0x000000c264f00000,0x000000c265000000] [id=15592]
  0x0000026820db9000 GCTaskThread "GC Thread#0" [stack: 0x000000c263d00000,0x000000c263e00000] [id=7360]
  0x000002684561e000 GCTaskThread "GC Thread#1" [stack: 0x000000c265000000,0x000000c265100000] [id=7760]
  0x000002684554f800 GCTaskThread "GC Thread#2" [stack: 0x000000c265100000,0x000000c265200000] [id=7792]
  0x0000026845550000 GCTaskThread "GC Thread#3" [stack: 0x000000c265200000,0x000000c265300000] [id=8568]
  0x0000026846225000 GCTaskThread "GC Thread#4" [stack: 0x000000c265600000,0x000000c265700000] [id=11996]
  0x000002684630d800 GCTaskThread "GC Thread#5" [stack: 0x000000c265700000,0x000000c265800000] [id=14920]
  0x000002684630e000 GCTaskThread "GC Thread#6" [stack: 0x000000c265800000,0x000000c265900000] [id=14808]
  0x000002684630f000 GCTaskThread "GC Thread#7" [stack: 0x000000c265900000,0x000000c265a00000] [id=8448]
  0x0000026820e02000 ConcurrentGCThread "G1 Main Marker" [stack: 0x000000c263e00000,0x000000c263f00000] [id=3084]
  0x0000026820e03800 ConcurrentGCThread "G1 Conc#0" [stack: 0x000000c263f00000,0x000000c264000000] [id=9728]
  0x0000026845f1a800 ConcurrentGCThread "G1 Conc#1" [stack: 0x000000c265a00000,0x000000c265b00000] [id=1148]
  0x0000026820e7e800 ConcurrentGCThread "G1 Refine#0" [stack: 0x000000c264000000,0x000000c264100000] [id=6732]
  0x0000026843f86800 ConcurrentGCThread "G1 Young RemSet Sampling" [stack: 0x000000c264100000,0x000000c264200000] [id=5132]

Threads with active compile tasks:

VM state:at safepoint (normal execution)

VM Mutex/Monitor currently owned by a thread:  ([mutex/lock_event])
[0x0000026820da1a00] Threads_lock - owner thread: 0x0000026844923800

Heap address: 0x0000000741e00000, size: 3042 MB, Compressed Oops mode: Zero based, Oop shift amount: 3
Narrow klass base: 0x0000000800000000, Narrow klass shift: 0
Compressed class space size: 1073741824 Address: 0x0000000800000000

Heap:
 garbage-first heap   total 236544K, used 83020K [0x0000000741e00000, 0x0000000800000000)
  region size 1024K, 73 young (74752K), 13 survivors (13312K)
 Metaspace       used 58453K, capacity 60304K, committed 60420K, reserved 1101824K
  class space    used 7593K, capacity 8354K, committed 8396K, reserved 1048576K
Heap Regions: E=young(eden), S=young(survivor), O=old, HS=humongous(starts), HC=humongous(continues), CS=collection set, F=free, A=archive, TAMS=top-at-mark-start (previous, next)
|   0|0x0000000741e00000, 0x0000000741f00000, 0x0000000741f00000|100%|HS|  |TAMS 0x0000000741f00000, 0x0000000741e00000| Complete 
|   1|0x0000000741f00000, 0x0000000742000000, 0x0000000742000000|100%| O|  |TAMS 0x0000000742000000, 0x0000000741f00000| Untracked 
|   2|0x0000000742000000, 0x0000000742100000, 0x0000000742100000|100%| O|  |TAMS 0x0000000742100000, 0x0000000742000000| Untracked 
|   3|0x0000000742100000, 0x0000000742200000, 0x0000000742200000|100%| O|  |TAMS 0x0000000742200000, 0x0000000742100000| Untracked 
|   4|0x0000000742200000, 0x0000000742300000, 0x0000000742300000|100%| O|  |TAMS 0x0000000742300000, 0x0000000742200000| Untracked 
|   5|0x0000000742300000, 0x0000000742400000, 0x0000000742400000|100%| O|  |TAMS 0x0000000742400000, 0x0000000742300000| Untracked 
|   6|0x0000000742400000, 0x0000000742500000, 0x0000000742500000|100%| O|  |TAMS 0x0000000742500000, 0x0000000742400000| Untracked 
|   7|0x0000000742500000, 0x0000000742600000, 0x0000000742600000|100%| O|  |TAMS 0x0000000742600000, 0x0000000742500000| Untracked 
|   8|0x0000000742600000, 0x0000000742700000, 0x0000000742700000|100%| O|  |TAMS 0x0000000742700000, 0x0000000742600000| Untracked 
|   9|0x0000000742700000, 0x000000074271ea00, 0x0000000742800000| 11%| O|  |TAMS 0x000000074271ea00, 0x0000000742700000| Untracked 
|  10|0x0000000742800000, 0x0000000742800000, 0x0000000742900000|  0%| F|  |TAMS 0x0000000742800000, 0x0000000742800000| Untracked 
|  11|0x0000000742900000, 0x0000000742900000, 0x0000000742a00000|  0%| F|  |TAMS 0x0000000742900000, 0x0000000742900000| Untracked 
|  12|0x0000000742a00000, 0x0000000742a00000, 0x0000000742b00000|  0%| F|  |TAMS 0x0000000742a00000, 0x0000000742a00000| Untracked 
|  13|0x0000000742b00000, 0x0000000742b00000, 0x0000000742c00000|  0%| F|  |TAMS 0x0000000742b00000, 0x0000000742b00000| Untracked 
|  14|0x0000000742c00000, 0x0000000742c00000, 0x0000000742d00000|  0%| F|  |TAMS 0x0000000742c00000, 0x0000000742c00000| Untracked 
|  15|0x0000000742d00000, 0x0000000742d00000, 0x0000000742e00000|  0%| F|  |TAMS 0x0000000742d00000, 0x0000000742d00000| Untracked 
|  16|0x0000000742e00000, 0x0000000742e00000, 0x0000000742f00000|  0%| F|  |TAMS 0x0000000742e00000, 0x0000000742e00000| Untracked 
|  17|0x0000000742f00000, 0x0000000742f00000, 0x0000000743000000|  0%| F|  |TAMS 0x0000000742f00000, 0x0000000742f00000| Untracked 
|  18|0x0000000743000000, 0x0000000743000000, 0x0000000743100000|  0%| F|  |TAMS 0x0000000743000000, 0x0000000743000000| Untracked 
|  19|0x0000000743100000, 0x0000000743100000, 0x0000000743200000|  0%| F|  |TAMS 0x0000000743100000, 0x0000000743100000| Untracked 
|  20|0x0000000743200000, 0x0000000743200000, 0x0000000743300000|  0%| F|  |TAMS 0x0000000743200000, 0x0000000743200000| Untracked 
|  21|0x0000000743300000, 0x0000000743300000, 0x0000000743400000|  0%| F|  |TAMS 0x0000000743300000, 0x0000000743300000| Untracked 
|  22|0x0000000743400000, 0x0000000743400000, 0x0000000743500000|  0%| F|  |TAMS 0x0000000743400000, 0x0000000743400000| Untracked 
|  23|0x0000000743500000, 0x0000000743500000, 0x0000000743600000|  0%| F|  |TAMS 0x0000000743500000, 0x0000000743500000| Untracked 
|  24|0x0000000743600000, 0x0000000743600000, 0x0000000743700000|  0%| F|  |TAMS 0x0000000743600000, 0x0000000743600000| Untracked 
|  25|0x0000000743700000, 0x0000000743700000, 0x0000000743800000|  0%| F|  |TAMS 0x0000000743700000, 0x0000000743700000| Untracked 
|  26|0x0000000743800000, 0x0000000743800000, 0x0000000743900000|  0%| F|  |TAMS 0x0000000743800000, 0x0000000743800000| Untracked 
|  27|0x0000000743900000, 0x0000000743900000, 0x0000000743a00000|  0%| F|  |TAMS 0x0000000743900000, 0x0000000743900000| Untracked 
|  28|0x0000000743a00000, 0x0000000743a00000, 0x0000000743b00000|  0%| F|  |TAMS 0x0000000743a00000, 0x0000000743a00000| Untracked 
|  29|0x0000000743b00000, 0x0000000743b00000, 0x0000000743c00000|  0%| F|  |TAMS 0x0000000743b00000, 0x0000000743b00000| Untracked 
|  30|0x0000000743c00000, 0x0000000743c00000, 0x0000000743d00000|  0%| F|  |TAMS 0x0000000743c00000, 0x0000000743c00000| Untracked 
|  31|0x0000000743d00000, 0x0000000743d00000, 0x0000000743e00000|  0%| F|  |TAMS 0x0000000743d00000, 0x0000000743d00000| Untracked 
|  32|0x0000000743e00000, 0x0000000743e00000, 0x0000000743f00000|  0%| F|  |TAMS 0x0000000743e00000, 0x0000000743e00000| Untracked 
|  33|0x0000000743f00000, 0x0000000743f00000, 0x0000000744000000|  0%| F|  |TAMS 0x0000000743f00000, 0x0000000743f00000| Untracked 
|  34|0x0000000744000000, 0x0000000744000000, 0x0000000744100000|  0%| F|  |TAMS 0x0000000744000000, 0x0000000744000000| Untracked 
|  35|0x0000000744100000, 0x0000000744100000, 0x0000000744200000|  0%| F|  |TAMS 0x0000000744100000, 0x0000000744100000| Untracked 
|  36|0x0000000744200000, 0x0000000744200000, 0x0000000744300000|  0%| F|  |TAMS 0x0000000744200000, 0x0000000744200000| Untracked 
|  37|0x0000000744300000, 0x0000000744300000, 0x0000000744400000|  0%| F|  |TAMS 0x0000000744300000, 0x0000000744300000| Untracked 
|  38|0x0000000744400000, 0x0000000744400000, 0x0000000744500000|  0%| F|  |TAMS 0x0000000744400000, 0x0000000744400000| Untracked 
|  39|0x0000000744500000, 0x0000000744500000, 0x0000000744600000|  0%| F|  |TAMS 0x0000000744500000, 0x0000000744500000| Untracked 
|  40|0x0000000744600000, 0x0000000744600000, 0x0000000744700000|  0%| F|  |TAMS 0x0000000744600000, 0x0000000744600000| Untracked 
|  41|0x0000000744700000, 0x0000000744700000, 0x0000000744800000|  0%| F|  |TAMS 0x0000000744700000, 0x0000000744700000| Untracked 
|  42|0x0000000744800000, 0x0000000744800000, 0x0000000744900000|  0%| F|  |TAMS 0x0000000744800000, 0x0000000744800000| Untracked 
|  43|0x0000000744900000, 0x0000000744900000, 0x0000000744a00000|  0%| F|  |TAMS 0x0000000744900000, 0x0000000744900000| Untracked 
|  44|0x0000000744a00000, 0x0000000744a00000, 0x0000000744b00000|  0%| F|  |TAMS 0x0000000744a00000, 0x0000000744a00000| Untracked 
|  45|0x0000000744b00000, 0x0000000744b00000, 0x0000000744c00000|  0%| F|  |TAMS 0x0000000744b00000, 0x0000000744b00000| Untracked 
|  46|0x0000000744c00000, 0x0000000744c00000, 0x0000000744d00000|  0%| F|  |TAMS 0x0000000744c00000, 0x0000000744c00000| Untracked 
|  47|0x0000000744d00000, 0x0000000744d00000, 0x0000000744e00000|  0%| F|  |TAMS 0x0000000744d00000, 0x0000000744d00000| Untracked 
|  48|0x0000000744e00000, 0x0000000744e00000, 0x0000000744f00000|  0%| F|  |TAMS 0x0000000744e00000, 0x0000000744e00000| Untracked 
|  49|0x0000000744f00000, 0x0000000744f00000, 0x0000000745000000|  0%| F|  |TAMS 0x0000000744f00000, 0x0000000744f00000| Untracked 
|  50|0x0000000745000000, 0x0000000745000000, 0x0000000745100000|  0%| F|  |TAMS 0x0000000745000000, 0x0000000745000000| Untracked 
|  51|0x0000000745100000, 0x0000000745100000, 0x0000000745200000|  0%| F|  |TAMS 0x0000000745100000, 0x0000000745100000| Untracked 
|  52|0x0000000745200000, 0x0000000745200000, 0x0000000745300000|  0%| F|  |TAMS 0x0000000745200000, 0x0000000745200000| Untracked 
|  53|0x0000000745300000, 0x0000000745300000, 0x0000000745400000|  0%| F|  |TAMS 0x0000000745300000, 0x0000000745300000| Untracked 
|  54|0x0000000745400000, 0x0000000745400000, 0x0000000745500000|  0%| F|  |TAMS 0x0000000745400000, 0x0000000745400000| Untracked 
|  55|0x0000000745500000, 0x0000000745500000, 0x0000000745600000|  0%| F|  |TAMS 0x0000000745500000, 0x0000000745500000| Untracked 
|  56|0x0000000745600000, 0x0000000745600000, 0x0000000745700000|  0%| F|  |TAMS 0x0000000745600000, 0x0000000745600000| Untracked 
|  57|0x0000000745700000, 0x0000000745700000, 0x0000000745800000|  0%| F|  |TAMS 0x0000000745700000, 0x0000000745700000| Untracked 
|  58|0x0000000745800000, 0x0000000745800000, 0x0000000745900000|  0%| F|  |TAMS 0x0000000745800000, 0x0000000745800000| Untracked 
|  59|0x0000000745900000, 0x0000000745900000, 0x0000000745a00000|  0%| F|  |TAMS 0x0000000745900000, 0x0000000745900000| Untracked 
|  60|0x0000000745a00000, 0x0000000745a00000, 0x0000000745b00000|  0%| F|  |TAMS 0x0000000745a00000, 0x0000000745a00000| Untracked 
|  61|0x0000000745b00000, 0x0000000745b00000, 0x0000000745c00000|  0%| F|  |TAMS 0x0000000745b00000, 0x0000000745b00000| Untracked 
|  62|0x0000000745c00000, 0x0000000745c00000, 0x0000000745d00000|  0%| F|  |TAMS 0x0000000745c00000, 0x0000000745c00000| Untracked 
|  63|0x0000000745d00000, 0x0000000745d00000, 0x0000000745e00000|  0%| F|  |TAMS 0x0000000745d00000, 0x0000000745d00000| Untracked 
|  64|0x0000000745e00000, 0x0000000745e00000, 0x0000000745f00000|  0%| F|  |TAMS 0x0000000745e00000, 0x0000000745e00000| Untracked 
|  65|0x0000000745f00000, 0x0000000745f00000, 0x0000000746000000|  0%| F|  |TAMS 0x0000000745f00000, 0x0000000745f00000| Untracked 
|  66|0x0000000746000000, 0x0000000746000000, 0x0000000746100000|  0%| F|  |TAMS 0x0000000746000000, 0x0000000746000000| Untracked 
|  67|0x0000000746100000, 0x0000000746100000, 0x0000000746200000|  0%| F|  |TAMS 0x0000000746100000, 0x0000000746100000| Untracked 
|  68|0x0000000746200000, 0x0000000746200000, 0x0000000746300000|  0%| F|  |TAMS 0x0000000746200000, 0x0000000746200000| Untracked 
|  69|0x0000000746300000, 0x0000000746300000, 0x0000000746400000|  0%| F|  |TAMS 0x0000000746300000, 0x0000000746300000| Untracked 
|  70|0x0000000746400000, 0x0000000746400000, 0x0000000746500000|  0%| F|  |TAMS 0x0000000746400000, 0x0000000746400000| Untracked 
|  71|0x0000000746500000, 0x0000000746500000, 0x0000000746600000|  0%| F|  |TAMS 0x0000000746500000, 0x0000000746500000| Untracked 
|  72|0x0000000746600000, 0x0000000746600000, 0x0000000746700000|  0%| F|  |TAMS 0x0000000746600000, 0x0000000746600000| Untracked 
|  73|0x0000000746700000, 0x0000000746700000, 0x0000000746800000|  0%| F|  |TAMS 0x0000000746700000, 0x0000000746700000| Untracked 
|  74|0x0000000746800000, 0x0000000746800000, 0x0000000746900000|  0%| F|  |TAMS 0x0000000746800000, 0x0000000746800000| Untracked 
|  75|0x0000000746900000, 0x0000000746900000, 0x0000000746a00000|  0%| F|  |TAMS 0x0000000746900000, 0x0000000746900000| Untracked 
|  76|0x0000000746a00000, 0x0000000746a00000, 0x0000000746b00000|  0%| F|  |TAMS 0x0000000746a00000, 0x0000000746a00000| Untracked 
|  77|0x0000000746b00000, 0x0000000746b00000, 0x0000000746c00000|  0%| F|  |TAMS 0x0000000746b00000, 0x0000000746b00000| Untracked 
|  78|0x0000000746c00000, 0x0000000746c00000, 0x0000000746d00000|  0%| F|  |TAMS 0x0000000746c00000, 0x0000000746c00000| Untracked 
|  79|0x0000000746d00000, 0x0000000746d00000, 0x0000000746e00000|  0%| F|  |TAMS 0x0000000746d00000, 0x0000000746d00000| Untracked 
|  80|0x0000000746e00000, 0x0000000746e00000, 0x0000000746f00000|  0%| F|  |TAMS 0x0000000746e00000, 0x0000000746e00000| Untracked 
|  81|0x0000000746f00000, 0x0000000746f00000, 0x0000000747000000|  0%| F|  |TAMS 0x0000000746f00000, 0x0000000746f00000| Untracked 
|  82|0x0000000747000000, 0x0000000747000000, 0x0000000747100000|  0%| F|  |TAMS 0x0000000747000000, 0x0000000747000000| Untracked 
|  83|0x0000000747100000, 0x0000000747100000, 0x0000000747200000|  0%| F|  |TAMS 0x0000000747100000, 0x0000000747100000| Untracked 
|  84|0x0000000747200000, 0x0000000747200000, 0x0000000747300000|  0%| F|  |TAMS 0x0000000747200000, 0x0000000747200000| Untracked 
|  85|0x0000000747300000, 0x0000000747300000, 0x0000000747400000|  0%| F|  |TAMS 0x0000000747300000, 0x0000000747300000| Untracked 
|  86|0x0000000747400000, 0x0000000747400000, 0x0000000747500000|  0%| F|  |TAMS 0x0000000747400000, 0x0000000747400000| Untracked 
|  87|0x0000000747500000, 0x0000000747500000, 0x0000000747600000|  0%| F|  |TAMS 0x0000000747500000, 0x0000000747500000| Untracked 
|  88|0x0000000747600000, 0x0000000747600000, 0x0000000747700000|  0%| F|  |TAMS 0x0000000747600000, 0x0000000747600000| Untracked 
|  89|0x0000000747700000, 0x0000000747700000, 0x0000000747800000|  0%| F|  |TAMS 0x0000000747700000, 0x0000000747700000| Untracked 
|  90|0x0000000747800000, 0x0000000747800000, 0x0000000747900000|  0%| F|  |TAMS 0x0000000747800000, 0x0000000747800000| Untracked 
|  91|0x0000000747900000, 0x0000000747900000, 0x0000000747a00000|  0%| F|  |TAMS 0x0000000747900000, 0x0000000747900000| Untracked 
|  92|0x0000000747a00000, 0x0000000747a00000, 0x0000000747b00000|  0%| F|  |TAMS 0x0000000747a00000, 0x0000000747a00000| Untracked 
|  93|0x0000000747b00000, 0x0000000747bf47a0, 0x0000000747c00000| 95%| S|CS|TAMS 0x0000000747b00000, 0x0000000747b00000| Complete 
|  94|0x0000000747c00000, 0x0000000747d00000, 0x0000000747d00000|100%| S|CS|TAMS 0x0000000747c00000, 0x0000000747c00000| Complete 
|  95|0x0000000747d00000, 0x0000000747e00000, 0x0000000747e00000|100%| S|CS|TAMS 0x0000000747d00000, 0x0000000747d00000| Complete 
|  96|0x0000000747e00000, 0x0000000747f00000, 0x0000000747f00000|100%| S|CS|TAMS 0x0000000747e00000, 0x0000000747e00000| Complete 
|  97|0x0000000747f00000, 0x0000000748000000, 0x0000000748000000|100%| S|CS|TAMS 0x0000000747f00000, 0x0000000747f00000| Complete 
|  98|0x0000000748000000, 0x0000000748100000, 0x0000000748100000|100%| S|CS|TAMS 0x0000000748000000, 0x0000000748000000| Complete 
|  99|0x0000000748100000, 0x0000000748200000, 0x0000000748200000|100%| S|CS|TAMS 0x0000000748100000, 0x0000000748100000| Complete 
| 100|0x0000000748200000, 0x0000000748300000, 0x0000000748300000|100%| S|CS|TAMS 0x0000000748200000, 0x0000000748200000| Complete 
| 101|0x0000000748300000, 0x0000000748400000, 0x0000000748400000|100%| S|CS|TAMS 0x0000000748300000, 0x0000000748300000| Complete 
| 102|0x0000000748400000, 0x0000000748500000, 0x0000000748500000|100%| S|CS|TAMS 0x0000000748400000, 0x0000000748400000| Complete 
| 103|0x0000000748500000, 0x0000000748600000, 0x0000000748600000|100%| S|CS|TAMS 0x0000000748500000, 0x0000000748500000| Complete 
| 104|0x0000000748600000, 0x0000000748700000, 0x0000000748700000|100%| S|CS|TAMS 0x0000000748600000, 0x0000000748600000| Complete 
| 105|0x0000000748700000, 0x0000000748800000, 0x0000000748800000|100%| S|CS|TAMS 0x0000000748700000, 0x0000000748700000| Complete 
| 106|0x0000000748800000, 0x0000000748800000, 0x0000000748900000|  0%| F|  |TAMS 0x0000000748800000, 0x0000000748800000| Untracked 
| 107|0x0000000748900000, 0x0000000748900000, 0x0000000748a00000|  0%| F|  |TAMS 0x0000000748900000, 0x0000000748900000| Untracked 
| 108|0x0000000748a00000, 0x0000000748a00000, 0x0000000748b00000|  0%| F|  |TAMS 0x0000000748a00000, 0x0000000748a00000| Untracked 
| 109|0x0000000748b00000, 0x0000000748b00000, 0x0000000748c00000|  0%| F|  |TAMS 0x0000000748b00000, 0x0000000748b00000| Untracked 
| 110|0x0000000748c00000, 0x0000000748c00000, 0x0000000748d00000|  0%| F|  |TAMS 0x0000000748c00000, 0x0000000748c00000| Untracked 
| 111|0x0000000748d00000, 0x0000000748d00000, 0x0000000748e00000|  0%| F|  |TAMS 0x0000000748d00000, 0x0000000748d00000| Untracked 
| 112|0x0000000748e00000, 0x0000000748e00000, 0x0000000748f00000|  0%| F|  |TAMS 0x0000000748e00000, 0x0000000748e00000| Untracked 
| 113|0x0000000748f00000, 0x0000000748f00000, 0x0000000749000000|  0%| F|  |TAMS 0x0000000748f00000, 0x0000000748f00000| Untracked 
| 114|0x0000000749000000, 0x0000000749000000, 0x0000000749100000|  0%| F|  |TAMS 0x0000000749000000, 0x0000000749000000| Untracked 
| 115|0x0000000749100000, 0x0000000749100000, 0x0000000749200000|  0%| F|  |TAMS 0x0000000749100000, 0x0000000749100000| Untracked 
| 116|0x0000000749200000, 0x0000000749200000, 0x0000000749300000|  0%| F|  |TAMS 0x0000000749200000, 0x0000000749200000| Untracked 
| 117|0x0000000749300000, 0x0000000749300000, 0x0000000749400000|  0%| F|  |TAMS 0x0000000749300000, 0x0000000749300000| Untracked 
| 118|0x0000000749400000, 0x0000000749400000, 0x0000000749500000|  0%| F|  |TAMS 0x0000000749400000, 0x0000000749400000| Untracked 
| 119|0x0000000749500000, 0x0000000749500000, 0x0000000749600000|  0%| F|  |TAMS 0x0000000749500000, 0x0000000749500000| Untracked 
| 120|0x0000000749600000, 0x0000000749600000, 0x0000000749700000|  0%| F|  |TAMS 0x0000000749600000, 0x0000000749600000| Untracked 
| 121|0x0000000749700000, 0x0000000749700000, 0x0000000749800000|  0%| F|  |TAMS 0x0000000749700000, 0x0000000749700000| Untracked 
| 122|0x0000000749800000, 0x0000000749800000, 0x0000000749900000|  0%| F|  |TAMS 0x0000000749800000, 0x0000000749800000| Untracked 
| 123|0x0000000749900000, 0x0000000749900000, 0x0000000749a00000|  0%| F|  |TAMS 0x0000000749900000, 0x0000000749900000| Untracked 
| 124|0x0000000749a00000, 0x0000000749a00000, 0x0000000749b00000|  0%| F|  |TAMS 0x0000000749a00000, 0x0000000749a00000| Untracked 
| 125|0x0000000749b00000, 0x0000000749b00000, 0x0000000749c00000|  0%| F|  |TAMS 0x0000000749b00000, 0x0000000749b00000| Untracked 
| 126|0x0000000749c00000, 0x0000000749c00000, 0x0000000749d00000|  0%| F|  |TAMS 0x0000000749c00000, 0x0000000749c00000| Untracked 
| 127|0x0000000749d00000, 0x0000000749d00000, 0x0000000749e00000|  0%| F|  |TAMS 0x0000000749d00000, 0x0000000749d00000| Untracked 
| 128|0x0000000749e00000, 0x0000000749e00000, 0x0000000749f00000|  0%| F|  |TAMS 0x0000000749e00000, 0x0000000749e00000| Untracked 
| 129|0x0000000749f00000, 0x0000000749f00000, 0x000000074a000000|  0%| F|  |TAMS 0x0000000749f00000, 0x0000000749f00000| Untracked 
| 130|0x000000074a000000, 0x000000074a000000, 0x000000074a100000|  0%| F|  |TAMS 0x000000074a000000, 0x000000074a000000| Untracked 
| 131|0x000000074a100000, 0x000000074a100000, 0x000000074a200000|  0%| F|  |TAMS 0x000000074a100000, 0x000000074a100000| Untracked 
| 132|0x000000074a200000, 0x000000074a200000, 0x000000074a300000|  0%| F|  |TAMS 0x000000074a200000, 0x000000074a200000| Untracked 
| 133|0x000000074a300000, 0x000000074a300000, 0x000000074a400000|  0%| F|  |TAMS 0x000000074a300000, 0x000000074a300000| Untracked 
| 134|0x000000074a400000, 0x000000074a400000, 0x000000074a500000|  0%| F|  |TAMS 0x000000074a400000, 0x000000074a400000| Untracked 
| 135|0x000000074a500000, 0x000000074a500000, 0x000000074a600000|  0%| F|  |TAMS 0x000000074a500000, 0x000000074a500000| Untracked 
| 136|0x000000074a600000, 0x000000074a600000, 0x000000074a700000|  0%| F|  |TAMS 0x000000074a600000, 0x000000074a600000| Untracked 
| 137|0x000000074a700000, 0x000000074a700000, 0x000000074a800000|  0%| F|  |TAMS 0x000000074a700000, 0x000000074a700000| Untracked 
| 138|0x000000074a800000, 0x000000074a800000, 0x000000074a900000|  0%| F|  |TAMS 0x000000074a800000, 0x000000074a800000| Untracked 
| 139|0x000000074a900000, 0x000000074a900000, 0x000000074aa00000|  0%| F|  |TAMS 0x000000074a900000, 0x000000074a900000| Untracked 
| 140|0x000000074aa00000, 0x000000074aa00000, 0x000000074ab00000|  0%| F|  |TAMS 0x000000074aa00000, 0x000000074aa00000| Untracked 
| 141|0x000000074ab00000, 0x000000074ab00000, 0x000000074ac00000|  0%| F|  |TAMS 0x000000074ab00000, 0x000000074ab00000| Untracked 
| 142|0x000000074ac00000, 0x000000074ac00000, 0x000000074ad00000|  0%| F|  |TAMS 0x000000074ac00000, 0x000000074ac00000| Untracked 
| 143|0x000000074ad00000, 0x000000074ad00000, 0x000000074ae00000|  0%| F|  |TAMS 0x000000074ad00000, 0x000000074ad00000| Untracked 
| 144|0x000000074ae00000, 0x000000074ae00000, 0x000000074af00000|  0%| F|  |TAMS 0x000000074ae00000, 0x000000074ae00000| Untracked 
| 145|0x000000074af00000, 0x000000074af00000, 0x000000074b000000|  0%| F|  |TAMS 0x000000074af00000, 0x000000074af00000| Untracked 
| 146|0x000000074b000000, 0x000000074b000000, 0x000000074b100000|  0%| F|  |TAMS 0x000000074b000000, 0x000000074b000000| Untracked 
| 147|0x000000074b100000, 0x000000074b100000, 0x000000074b200000|  0%| F|  |TAMS 0x000000074b100000, 0x000000074b100000| Untracked 
| 148|0x000000074b200000, 0x000000074b200000, 0x000000074b300000|  0%| F|  |TAMS 0x000000074b200000, 0x000000074b200000| Untracked 
| 149|0x000000074b300000, 0x000000074b300000, 0x000000074b400000|  0%| F|  |TAMS 0x000000074b300000, 0x000000074b300000| Untracked 
| 150|0x000000074b400000, 0x000000074b400000, 0x000000074b500000|  0%| F|  |TAMS 0x000000074b400000, 0x000000074b400000| Untracked 
| 151|0x000000074b500000, 0x000000074b500000, 0x000000074b600000|  0%| F|  |TAMS 0x000000074b500000, 0x000000074b500000| Untracked 
| 152|0x000000074b600000, 0x000000074b600000, 0x000000074b700000|  0%| F|  |TAMS 0x000000074b600000, 0x000000074b600000| Untracked 
| 153|0x000000074b700000, 0x000000074b700000, 0x000000074b800000|  0%| F|  |TAMS 0x000000074b700000, 0x000000074b700000| Untracked 
| 154|0x000000074b800000, 0x000000074b800000, 0x000000074b900000|  0%| F|  |TAMS 0x000000074b800000, 0x000000074b800000| Untracked 
| 155|0x000000074b900000, 0x000000074b900000, 0x000000074ba00000|  0%| F|  |TAMS 0x000000074b900000, 0x000000074b900000| Untracked 
| 156|0x000000074ba00000, 0x000000074ba00000, 0x000000074bb00000|  0%| F|  |TAMS 0x000000074ba00000, 0x000000074ba00000| Untracked 
| 157|0x000000074bb00000, 0x000000074bb00000, 0x000000074bc00000|  0%| F|  |TAMS 0x000000074bb00000, 0x000000074bb00000| Untracked 
| 158|0x000000074bc00000, 0x000000074bc00000, 0x000000074bd00000|  0%| F|  |TAMS 0x000000074bc00000, 0x000000074bc00000| Untracked 
| 159|0x000000074bd00000, 0x000000074bd00000, 0x000000074be00000|  0%| F|  |TAMS 0x000000074bd00000, 0x000000074bd00000| Untracked 
| 160|0x000000074be00000, 0x000000074be00000, 0x000000074bf00000|  0%| F|  |TAMS 0x000000074be00000, 0x000000074be00000| Untracked 
| 161|0x000000074bf00000, 0x000000074bf00000, 0x000000074c000000|  0%| F|  |TAMS 0x000000074bf00000, 0x000000074bf00000| Untracked 
| 162|0x000000074c000000, 0x000000074c000000, 0x000000074c100000|  0%| F|  |TAMS 0x000000074c000000, 0x000000074c000000| Untracked 
| 163|0x000000074c100000, 0x000000074c100000, 0x000000074c200000|  0%| F|  |TAMS 0x000000074c100000, 0x000000074c100000| Untracked 
| 164|0x000000074c200000, 0x000000074c200000, 0x000000074c300000|  0%| F|  |TAMS 0x000000074c200000, 0x000000074c200000| Untracked 
| 165|0x000000074c300000, 0x000000074c300000, 0x000000074c400000|  0%| F|  |TAMS 0x000000074c300000, 0x000000074c300000| Untracked 
| 166|0x000000074c400000, 0x000000074c400000, 0x000000074c500000|  0%| F|  |TAMS 0x000000074c400000, 0x000000074c400000| Untracked 
| 167|0x000000074c500000, 0x000000074c500000, 0x000000074c600000|  0%| F|  |TAMS 0x000000074c500000, 0x000000074c500000| Untracked 
| 168|0x000000074c600000, 0x000000074c600000, 0x000000074c700000|  0%| F|  |TAMS 0x000000074c600000, 0x000000074c600000| Untracked 
| 169|0x000000074c700000, 0x000000074c700000, 0x000000074c800000|  0%| F|  |TAMS 0x000000074c700000, 0x000000074c700000| Untracked 
| 170|0x000000074c800000, 0x000000074c800000, 0x000000074c900000|  0%| F|  |TAMS 0x000000074c800000, 0x000000074c800000| Untracked 
| 171|0x000000074c900000, 0x000000074c980800, 0x000000074ca00000| 50%| E|  |TAMS 0x000000074c900000, 0x000000074c900000| Complete 
| 172|0x000000074ca00000, 0x000000074cb00000, 0x000000074cb00000|100%| E|CS|TAMS 0x000000074ca00000, 0x000000074ca00000| Complete 
| 173|0x000000074cb00000, 0x000000074cc00000, 0x000000074cc00000|100%| E|CS|TAMS 0x000000074cb00000, 0x000000074cb00000| Complete 
| 174|0x000000074cc00000, 0x000000074cd00000, 0x000000074cd00000|100%| E|CS|TAMS 0x000000074cc00000, 0x000000074cc00000| Complete 
| 175|0x000000074cd00000, 0x000000074ce00000, 0x000000074ce00000|100%| E|CS|TAMS 0x000000074cd00000, 0x000000074cd00000| Complete 
| 176|0x000000074ce00000, 0x000000074cf00000, 0x000000074cf00000|100%| E|CS|TAMS 0x000000074ce00000, 0x000000074ce00000| Complete 
| 177|0x000000074cf00000, 0x000000074d000000, 0x000000074d000000|100%| E|CS|TAMS 0x000000074cf00000, 0x000000074cf00000| Complete 
| 178|0x000000074d000000, 0x000000074d100000, 0x000000074d100000|100%| E|CS|TAMS 0x000000074d000000, 0x000000074d000000| Complete 
| 179|0x000000074d100000, 0x000000074d200000, 0x000000074d200000|100%| E|CS|TAMS 0x000000074d100000, 0x000000074d100000| Complete 
| 180|0x000000074d200000, 0x000000074d300000, 0x000000074d300000|100%| E|CS|TAMS 0x000000074d200000, 0x000000074d200000| Complete 
| 181|0x000000074d300000, 0x000000074d400000, 0x000000074d400000|100%| E|CS|TAMS 0x000000074d300000, 0x000000074d300000| Complete 
| 182|0x000000074d400000, 0x000000074d500000, 0x000000074d500000|100%| E|CS|TAMS 0x000000074d400000, 0x000000074d400000| Complete 
| 183|0x000000074d500000, 0x000000074d600000, 0x000000074d600000|100%| E|CS|TAMS 0x000000074d500000, 0x000000074d500000| Complete 
| 184|0x000000074d600000, 0x000000074d700000, 0x000000074d700000|100%| E|CS|TAMS 0x000000074d600000, 0x000000074d600000| Complete 
| 185|0x000000074d700000, 0x000000074d800000, 0x000000074d800000|100%| E|CS|TAMS 0x000000074d700000, 0x000000074d700000| Complete 
| 186|0x000000074d800000, 0x000000074d900000, 0x000000074d900000|100%| E|CS|TAMS 0x000000074d800000, 0x000000074d800000| Complete 
| 187|0x000000074d900000, 0x000000074da00000, 0x000000074da00000|100%| E|CS|TAMS 0x000000074d900000, 0x000000074d900000| Complete 
| 188|0x000000074da00000, 0x000000074db00000, 0x000000074db00000|100%| E|CS|TAMS 0x000000074da00000, 0x000000074da00000| Complete 
| 189|0x000000074db00000, 0x000000074dc00000, 0x000000074dc00000|100%| E|CS|TAMS 0x000000074db00000, 0x000000074db00000| Complete 
| 190|0x000000074dc00000, 0x000000074dd00000, 0x000000074dd00000|100%| E|CS|TAMS 0x000000074dc00000, 0x000000074dc00000| Complete 
| 191|0x000000074dd00000, 0x000000074de00000, 0x000000074de00000|100%| E|CS|TAMS 0x000000074dd00000, 0x000000074dd00000| Complete 
| 192|0x000000074de00000, 0x000000074df00000, 0x000000074df00000|100%| E|CS|TAMS 0x000000074de00000, 0x000000074de00000| Complete 
| 193|0x000000074df00000, 0x000000074e000000, 0x000000074e000000|100%| E|CS|TAMS 0x000000074df00000, 0x000000074df00000| Complete 
| 194|0x000000074e000000, 0x000000074e100000, 0x000000074e100000|100%| E|CS|TAMS 0x000000074e000000, 0x000000074e000000| Complete 
| 195|0x000000074e100000, 0x000000074e200000, 0x000000074e200000|100%| E|CS|TAMS 0x000000074e100000, 0x000000074e100000| Complete 
| 196|0x000000074e200000, 0x000000074e300000, 0x000000074e300000|100%| E|CS|TAMS 0x000000074e200000, 0x000000074e200000| Complete 
| 197|0x000000074e300000, 0x000000074e400000, 0x000000074e400000|100%| E|CS|TAMS 0x000000074e300000, 0x000000074e300000| Complete 
| 198|0x000000074e400000, 0x000000074e500000, 0x000000074e500000|100%| E|CS|TAMS 0x000000074e400000, 0x000000074e400000| Complete 
| 199|0x000000074e500000, 0x000000074e600000, 0x000000074e600000|100%| E|CS|TAMS 0x000000074e500000, 0x000000074e500000| Complete 
| 200|0x000000074e600000, 0x000000074e700000, 0x000000074e700000|100%| E|CS|TAMS 0x000000074e600000, 0x000000074e600000| Complete 
| 201|0x000000074e700000, 0x000000074e800000, 0x000000074e800000|100%| E|CS|TAMS 0x000000074e700000, 0x000000074e700000| Complete 
| 202|0x000000074e800000, 0x000000074e900000, 0x000000074e900000|100%| E|CS|TAMS 0x000000074e800000, 0x000000074e800000| Complete 
| 203|0x000000074e900000, 0x000000074ea00000, 0x000000074ea00000|100%| E|CS|TAMS 0x000000074e900000, 0x000000074e900000| Complete 
| 204|0x000000074ea00000, 0x000000074eb00000, 0x000000074eb00000|100%| E|CS|TAMS 0x000000074ea00000, 0x000000074ea00000| Complete 
| 205|0x000000074eb00000, 0x000000074ec00000, 0x000000074ec00000|100%| E|CS|TAMS 0x000000074eb00000, 0x000000074eb00000| Complete 
| 206|0x000000074ec00000, 0x000000074ed00000, 0x000000074ed00000|100%| E|CS|TAMS 0x000000074ec00000, 0x000000074ec00000| Complete 
| 207|0x000000074ed00000, 0x000000074ee00000, 0x000000074ee00000|100%| E|CS|TAMS 0x000000074ed00000, 0x000000074ed00000| Complete 
| 208|0x000000074ee00000, 0x000000074ef00000, 0x000000074ef00000|100%| E|CS|TAMS 0x000000074ee00000, 0x000000074ee00000| Complete 
| 209|0x000000074ef00000, 0x000000074f000000, 0x000000074f000000|100%| E|CS|TAMS 0x000000074ef00000, 0x000000074ef00000| Complete 
| 210|0x000000074f000000, 0x000000074f100000, 0x000000074f100000|100%| E|CS|TAMS 0x000000074f000000, 0x000000074f000000| Complete 
| 211|0x000000074f100000, 0x000000074f200000, 0x000000074f200000|100%| E|CS|TAMS 0x000000074f100000, 0x000000074f100000| Complete 
| 212|0x000000074f200000, 0x000000074f300000, 0x000000074f300000|100%| E|CS|TAMS 0x000000074f200000, 0x000000074f200000| Complete 
| 213|0x000000074f300000, 0x000000074f400000, 0x000000074f400000|100%| E|CS|TAMS 0x000000074f300000, 0x000000074f300000| Complete 
| 214|0x000000074f400000, 0x000000074f500000, 0x000000074f500000|100%| E|CS|TAMS 0x000000074f400000, 0x000000074f400000| Complete 
| 215|0x000000074f500000, 0x000000074f600000, 0x000000074f600000|100%| E|CS|TAMS 0x000000074f500000, 0x000000074f500000| Complete 
| 216|0x000000074f600000, 0x000000074f700000, 0x000000074f700000|100%| E|CS|TAMS 0x000000074f600000, 0x000000074f600000| Complete 
| 217|0x000000074f700000, 0x000000074f800000, 0x000000074f800000|100%| E|CS|TAMS 0x000000074f700000, 0x000000074f700000| Complete 
| 218|0x000000074f800000, 0x000000074f900000, 0x000000074f900000|100%| E|CS|TAMS 0x000000074f800000, 0x000000074f800000| Complete 
| 219|0x000000074f900000, 0x000000074fa00000, 0x000000074fa00000|100%| E|CS|TAMS 0x000000074f900000, 0x000000074f900000| Complete 
| 220|0x000000074fa00000, 0x000000074fb00000, 0x000000074fb00000|100%| E|CS|TAMS 0x000000074fa00000, 0x000000074fa00000| Complete 
| 221|0x000000074fb00000, 0x000000074fc00000, 0x000000074fc00000|100%| E|CS|TAMS 0x000000074fb00000, 0x000000074fb00000| Complete 
| 222|0x000000074fc00000, 0x000000074fd00000, 0x000000074fd00000|100%| E|CS|TAMS 0x000000074fc00000, 0x000000074fc00000| Complete 
| 223|0x000000074fd00000, 0x000000074fe00000, 0x000000074fe00000|100%| E|CS|TAMS 0x000000074fd00000, 0x000000074fd00000| Complete 
| 224|0x000000074fe00000, 0x000000074ff00000, 0x000000074ff00000|100%| E|CS|TAMS 0x000000074fe00000, 0x000000074fe00000| Complete 
| 225|0x000000074ff00000, 0x0000000750000000, 0x0000000750000000|100%| E|CS|TAMS 0x000000074ff00000, 0x000000074ff00000| Complete 
| 226|0x0000000750000000, 0x0000000750100000, 0x0000000750100000|100%| E|CS|TAMS 0x0000000750000000, 0x0000000750000000| Complete 
| 227|0x0000000750100000, 0x0000000750200000, 0x0000000750200000|100%| E|CS|TAMS 0x0000000750100000, 0x0000000750100000| Complete 
| 228|0x0000000750200000, 0x0000000750300000, 0x0000000750300000|100%| E|CS|TAMS 0x0000000750200000, 0x0000000750200000| Complete 
| 229|0x0000000750300000, 0x0000000750400000, 0x0000000750400000|100%| E|CS|TAMS 0x0000000750300000, 0x0000000750300000| Complete 
| 230|0x0000000750400000, 0x0000000750500000, 0x0000000750500000|100%| E|CS|TAMS 0x0000000750400000, 0x0000000750400000| Complete 

Card table byte_map: [0x000002683aaa0000,0x000002683b0a0000] _byte_map_base: 0x0000026837091000

Marking Bits (Prev, Next): (CMBitMap*) 0x0000026820df4738, (CMBitMap*) 0x0000026820df4770
 Prev Bits: [0x000002683b6a0000, 0x000002683e628000)
 Next Bits: [0x000002683e630000, 0x00000268415b8000)

Polling page: 0x000002682aa10000

Metaspace:

Usage:
  Non-class:     50.73 MB capacity,    49.67 MB ( 98%) used,   871.09 KB (  2%) free+waste,   218.75 KB ( <1%) overhead. 
      Class:      8.16 MB capacity,     7.42 MB ( 91%) used,   655.04 KB (  8%) free+waste,   105.75 KB (  1%) overhead. 
       Both:     58.89 MB capacity,    57.08 MB ( 97%) used,     1.49 MB (  3%) free+waste,   324.50 KB ( <1%) overhead. 

Virtual space:
  Non-class space:       52.00 MB reserved,      50.80 MB ( 98%) committed 
      Class space:        1.00 GB reserved,       8.20 MB ( <1%) committed 
             Both:        1.05 GB reserved,      59.00 MB (  5%) committed 

Chunk freelists:
   Non-Class:  4.25 KB
       Class:  0 bytes
        Both:  4.25 KB

CodeHeap 'non-profiled nmethods': size=238336Kb used=8474Kb max_used=8474Kb free=229861Kb
 bounds [0x000002682b170000, 0x000002682b9c0000, 0x0000026839a30000]
CodeHeap 'non-nmethods': size=7424Kb used=1302Kb max_used=1302Kb free=6121Kb
 bounds [0x000002682aa30000, 0x000002682aca0000, 0x000002682b170000]
 total_blobs=5750 nmethods=5181 adapters=502
 compilation: enabled
              stopped_count=0, restarted_count=0
 full_count=0

Compilation events (10 events):
Event: 5.492 Thread 0x00000268449ab800 5178       1       jdk.internal.reflect.Label$PatchInfo::<init> (26 bytes)
Event: 5.492 Thread 0x00000268449ab800 nmethod 5178 0x000002682b9b5090 code [0x000002682b9b5220, 0x000002682b9b5338]
Event: 5.492 Thread 0x00000268449ab800 5179       1       jdk.internal.reflect.ClassFileAssembler::emitShort (38 bytes)
Event: 5.492 Thread 0x00000268449ab800 nmethod 5179 0x000002682b9b5390 code [0x000002682b9b5560, 0x000002682b9b5818]
Event: 5.492 Thread 0x00000268449ab800 5181   !   1       com.sun.proxy.$Proxy26::annotationType (29 bytes)
Event: 5.493 Thread 0x00000268449ab800 nmethod 5181 0x000002682b9b5a90 code [0x000002682b9b5c60, 0x000002682b9b5e98]
Event: 5.493 Thread 0x00000268449ab800 5180   !   1       com.sun.proxy.$Proxy11::annotation (29 bytes)
Event: 5.493 Thread 0x00000268449ab800 nmethod 5180 0x000002682b9b6010 code [0x000002682b9b61e0, 0x000002682b9b63f8]
Event: 5.496 Thread 0x00000268449ab800 5182   !   1       com.sun.proxy.$Proxy53::annotationType (29 bytes)
Event: 5.496 Thread 0x00000268449ab800 nmethod 5182 0x000002682b9b6590 code [0x000002682b9b6760, 0x000002682b9b6978]

GC Heap History (10 events):
Event: 1.967 GC heap before
{Heap before GC invocations=3 (full 0):
 garbage-first heap   total 196608K, used 32047K [0x0000000741e00000, 0x0000000800000000)
  region size 1024K, 28 young (28672K), 6 survivors (6144K)
 Metaspace       used 23647K, capacity 24436K, committed 24496K, reserved 1071104K
  class space    used 2755K, capacity 3067K, committed 3072K, reserved 1048576K
}
Event: 1.972 GC heap after
{Heap after GC invocations=4 (full 0):
 garbage-first heap   total 196608K, used 10626K [0x0000000741e00000, 0x0000000800000000)
  region size 1024K, 2 young (2048K), 2 survivors (2048K)
 Metaspace       used 23647K, capacity 24436K, committed 24496K, reserved 1071104K
  class space    used 2755K, capacity 3067K, committed 3072K, reserved 1048576K
}
Event: 2.488 GC heap before
{Heap before GC invocations=4 (full 0):
 garbage-first heap   total 196608K, used 117122K [0x0000000741e00000, 0x0000000800000000)
  region size 1024K, 107 young (109568K), 2 survivors (2048K)
 Metaspace       used 27452K, capacity 28470K, committed 28720K, reserved 1075200K
  class space    used 3285K, capacity 3708K, committed 3712K, reserved 1048576K
}
Event: 2.492 GC heap after
{Heap after GC invocations=5 (full 0):
 garbage-first heap   total 196608K, used 12752K [0x0000000741e00000, 0x0000000800000000)
  region size 1024K, 4 young (4096K), 4 survivors (4096K)
 Metaspace       used 27452K, capacity 28470K, committed 28720K, reserved 1075200K
  class space    used 3285K, capacity 3708K, committed 3712K, reserved 1048576K
}
Event: 3.269 GC heap before
{Heap before GC invocations=5 (full 0):
 garbage-first heap   total 196608K, used 104912K [0x0000000741e00000, 0x0000000800000000)
  region size 1024K, 95 young (97280K), 4 survivors (4096K)
 Metaspace       used 34517K, capacity 35853K, committed 35920K, reserved 1081344K
  class space    used 4322K, capacity 4859K, committed 4864K, reserved 1048576K
}
Event: 3.276 GC heap after
{Heap after GC invocations=6 (full 0):
 garbage-first heap   total 196608K, used 16399K [0x0000000741e00000, 0x0000000800000000)
  region size 1024K, 7 young (7168K), 7 survivors (7168K)
 Metaspace       used 34517K, capacity 35853K, committed 35920K, reserved 1081344K
  class space    used 4322K, capacity 4859K, committed 4864K, reserved 1048576K
}
Event: 3.547 GC heap before
{Heap before GC invocations=7 (full 0):
 garbage-first heap   total 196608K, used 125967K [0x0000000741e00000, 0x0000000800000000)
  region size 1024K, 115 young (117760K), 7 survivors (7168K)
 Metaspace       used 36120K, capacity 37539K, committed 37788K, reserved 1081344K
  class space    used 4520K, capacity 5100K, committed 5196K, reserved 1048576K
}
Event: 3.555 GC heap after
{Heap after GC invocations=8 (full 0):
 garbage-first heap   total 236544K, used 17908K [0x0000000741e00000, 0x0000000800000000)
  region size 1024K, 9 young (9216K), 9 survivors (9216K)
 Metaspace       used 36120K, capacity 37539K, committed 37788K, reserved 1081344K
  class space    used 4520K, capacity 5100K, committed 5196K, reserved 1048576K
}
Event: 4.987 GC heap before
{Heap before GC invocations=8 (full 0):
 garbage-first heap   total 236544K, used 145908K [0x0000000741e00000, 0x0000000800000000)
  region size 1024K, 134 young (137216K), 9 survivors (9216K)
 Metaspace       used 55010K, capacity 56726K, committed 56860K, reserved 1097728K
  class space    used 7152K, capacity 7835K, committed 7884K, reserved 1048576K
}
Event: 4.997 GC heap after
{Heap after GC invocations=9 (full 0):
 garbage-first heap   total 236544K, used 22604K [0x0000000741e00000, 0x0000000800000000)
  region size 1024K, 13 young (13312K), 13 survivors (13312K)
 Metaspace       used 55010K, capacity 56726K, committed 56860K, reserved 1097728K
  class space    used 7152K, capacity 7835K, committed 7884K, reserved 1048576K
}

Deoptimization events (0 events):
No events

Classes redefined (0 events):
No events

Internal exceptions (10 events):
Event: 5.249 Thread 0x000002684602d000 Exception <a 'java/lang/ClassNotFoundException'{0x000000074e715ae8}: org/springframework/beans/factory/AwareCustomizer> (0x000000074e715ae8) thrown at [./open/src/hotspot/share/classfile/systemDictionary.cpp, line 228]
Event: 5.322 Thread 0x000002684602d000 Exception <a 'java/io/FileNotFoundException'{0x000000074e0f1358}> (0x000000074e0f1358) thrown at [./open/src/hotspot/share/prims/jni.cpp, line 611]
Event: 5.389 Thread 0x000002684602d000 Exception <a 'java/lang/reflect/InvocationTargetException'{0x000000074d363538}> (0x000000074d363538) thrown at [./open/src/hotspot/share/runtime/reflection.cpp, line 1242]
Event: 5.392 Thread 0x000002684602d000 Exception <a 'java/lang/reflect/InvocationTargetException'{0x000000074d379f18}> (0x000000074d379f18) thrown at [./open/src/hotspot/share/runtime/reflection.cpp, line 1242]
Event: 5.399 Thread 0x000002684602d000 Exception <a 'java/lang/reflect/InvocationTargetException'{0x000000074d3a5b98}> (0x000000074d3a5b98) thrown at [./open/src/hotspot/share/runtime/reflection.cpp, line 1242]
Event: 5.401 Thread 0x000002684602d000 Exception <a 'java/lang/reflect/InvocationTargetException'{0x000000074d3b2f80}> (0x000000074d3b2f80) thrown at [./open/src/hotspot/share/runtime/reflection.cpp, line 1242]
Event: 5.404 Thread 0x000002684602d000 Exception <a 'java/lang/reflect/InvocationTargetException'{0x000000074d3d1790}> (0x000000074d3d1790) thrown at [./open/src/hotspot/share/runtime/reflection.cpp, line 1242]
Event: 5.405 Thread 0x000002684602d000 Exception <a 'java/lang/reflect/InvocationTargetException'{0x000000074d3db458}> (0x000000074d3db458) thrown at [./open/src/hotspot/share/runtime/reflection.cpp, line 1242]
Event: 5.463 Thread 0x000002684602d000 Exception <a 'java/lang/reflect/InvocationTargetException'{0x000000074cc6be30}> (0x000000074cc6be30) thrown at [./open/src/hotspot/share/runtime/reflection.cpp, line 1242]
Event: 5.464 Thread 0x000002684602d000 Exception <a 'java/lang/reflect/InvocationTargetException'{0x000000074cc75ff8}> (0x000000074cc75ff8) thrown at [./open/src/hotspot/share/runtime/reflection.cpp, line 1242]

Events (10 events):
Event: 5.493 Thread 0x000002684602d000 DEOPT UNPACKING pc=0x000002682aa6bb5e sp=0x000000c2654fc2d8 mode 1
Event: 5.493 Thread 0x000002684602d000 DEOPT PACKING pc=0x000002682b52490c sp=0x000000c2654fce90
Event: 5.493 Thread 0x000002684602d000 DEOPT UNPACKING pc=0x000002682aa6bb5e sp=0x000000c2654fc3e0 mode 1
Event: 5.494 loading class org/springframework/security/config/annotation/web/configuration/WebSecurityConfigurerAdapter$AuthenticationManagerDelegator
Event: 5.494 loading class org/springframework/security/config/annotation/web/configuration/WebSecurityConfigurerAdapter$AuthenticationManagerDelegator done
Event: 5.495 Thread 0x000002684602d000 DEOPT PACKING pc=0x000002682b53ee44 sp=0x000000c2654fd150
Event: 5.495 Thread 0x000002684602d000 DEOPT UNPACKING pc=0x000002682aa6bb5e sp=0x000000c2654fc688 mode 1
Event: 5.495 Thread 0x000002684602d000 DEOPT PACKING pc=0x000002682b53ee44 sp=0x000000c2654fd150
Event: 5.495 Thread 0x000002684602d000 DEOPT UNPACKING pc=0x000002682aa6bb5e sp=0x000000c2654fc688 mode 1
Event: 5.500 Executing VM operation: ChangeBreakpoints


Dynamic libraries:
0x00007ff78e630000 - 0x00007ff78e63f000 	D:\Programs\JDK11\bin\java.exe
0x00007ffc3ef70000 - 0x00007ffc3f165000 	C:\Windows\SYSTEM32\ntdll.dll
0x00007ffc3e2c0000 - 0x00007ffc3e37e000 	C:\Windows\System32\KERNEL32.DLL
0x00007ffc3cc00000 - 0x00007ffc3cec8000 	C:\Windows\System32\KERNELBASE.dll
0x00007ffc3ced0000 - 0x00007ffc3cfd0000 	C:\Windows\System32\ucrtbase.dll
0x00007ffc19c10000 - 0x00007ffc19c25000 	D:\Programs\JDK11\bin\VCRUNTIME140.dll
0x00007ffc19c30000 - 0x00007ffc19c48000 	D:\Programs\JDK11\bin\jli.dll
0x00007ffc3e950000 - 0x00007ffc3e9fe000 	C:\Windows\System32\ADVAPI32.dll
0x00007ffc3e4a0000 - 0x00007ffc3e53e000 	C:\Windows\System32\msvcrt.dll
0x00007ffc3e750000 - 0x00007ffc3e7ec000 	C:\Windows\System32\sechost.dll
0x00007ffc3e7f0000 - 0x00007ffc3e915000 	C:\Windows\System32\RPCRT4.dll
0x00007ffc3d720000 - 0x00007ffc3d8c0000 	C:\Windows\System32\USER32.dll
0x00007ffc243f0000 - 0x00007ffc2468a000 	C:\Windows\WinSxS\amd64_microsoft.windows.common-controls_6595b64144ccf1df_6.0.19041.1110_none_60b5254171f9507e\COMCTL32.dll
0x00007ffc3c690000 - 0x00007ffc3c6b2000 	C:\Windows\System32\win32u.dll
0x00007ffc3e920000 - 0x00007ffc3e94a000 	C:\Windows\System32\GDI32.dll
0x00007ffc3c930000 - 0x00007ffc3ca3b000 	C:\Windows\System32\gdi32full.dll
0x00007ffc3caf0000 - 0x00007ffc3cb8d000 	C:\Windows\System32\msvcp_win.dll
0x00007ffc345f0000 - 0x00007ffc345fa000 	C:\Windows\SYSTEM32\VERSION.dll
0x00007ffc3d920000 - 0x00007ffc3d950000 	C:\Windows\System32\IMM32.DLL
0x00007ffc06870000 - 0x00007ffc0690b000 	D:\Programs\JDK11\bin\msvcp140.dll
0x00007ffbbed50000 - 0x00007ffbbf84f000 	D:\Programs\JDK11\bin\server\jvm.dll
0x00007ffc3dd30000 - 0x00007ffc3dd38000 	C:\Windows\System32\PSAPI.DLL
0x00007ffc11e90000 - 0x00007ffc11eb7000 	C:\Windows\SYSTEM32\WINMM.dll
0x00007ffc23ce0000 - 0x00007ffc23ce9000 	C:\Windows\SYSTEM32\WSOCK32.dll
0x00007ffc3ea00000 - 0x00007ffc3ea6b000 	C:\Windows\System32\WS2_32.dll
0x00007ffc3af50000 - 0x00007ffc3af62000 	C:\Windows\SYSTEM32\kernel.appcore.dll
0x00007ffc27120000 - 0x00007ffc27130000 	D:\Programs\JDK11\bin\verify.dll
0x00007ffc3a450000 - 0x00007ffc3a634000 	C:\Windows\SYSTEM32\DBGHELP.DLL
0x00007ffc243c0000 - 0x00007ffc243ec000 	C:\Windows\SYSTEM32\dbgcore.DLL
0x00007ffc3c6c0000 - 0x00007ffc3c742000 	C:\Windows\System32\bcryptPrimitives.dll
0x00007ffc197d0000 - 0x00007ffc197f8000 	D:\Programs\JDK11\bin\java.dll
0x00007ffc27040000 - 0x00007ffc2704a000 	D:\Programs\JDK11\bin\jimage.dll
0x00007ffc15380000 - 0x00007ffc153b8000 	D:\Programs\JDK11\bin\jdwp.dll
0x00007ffc255d0000 - 0x00007ffc255de000 	D:\Programs\JDK11\bin\instrument.dll
0x00007ffc19bf0000 - 0x00007ffc19c06000 	D:\Programs\JDK11\bin\zip.dll
0x00007ffc3cfd0000 - 0x00007ffc3d714000 	C:\Windows\System32\SHELL32.dll
0x00007ffc3a750000 - 0x00007ffc3aee4000 	C:\Windows\SYSTEM32\windows.storage.dll
0x00007ffc3d9d0000 - 0x00007ffc3dd24000 	C:\Windows\System32\combase.dll
0x00007ffc3c020000 - 0x00007ffc3c04c000 	C:\Windows\SYSTEM32\Wldp.dll
0x00007ffc3eb50000 - 0x00007ffc3ebfd000 	C:\Windows\System32\SHCORE.dll
0x00007ffc3d8c0000 - 0x00007ffc3d915000 	C:\Windows\System32\shlwapi.dll
0x00007ffc3c5d0000 - 0x00007ffc3c5ef000 	C:\Windows\SYSTEM32\profapi.dll
0x00007ffc254b0000 - 0x00007ffc254ba000 	D:\Programs\JDK11\bin\dt_socket.dll
0x00007ffc3be00000 - 0x00007ffc3be6a000 	C:\Windows\system32\mswsock.dll
0x00007ffc18050000 - 0x00007ffc18069000 	D:\Programs\JDK11\bin\net.dll
0x00007ffc346e0000 - 0x00007ffc347ea000 	C:\Windows\SYSTEM32\WINHTTP.dll
0x00007ffc18030000 - 0x00007ffc18042000 	D:\Programs\JDK11\bin\nio.dll
0x00007ffc3bb00000 - 0x00007ffc3bbcb000 	C:\Windows\SYSTEM32\DNSAPI.dll
0x00007ffc3bac0000 - 0x00007ffc3bafb000 	C:\Windows\SYSTEM32\IPHLPAPI.DLL
0x00007ffc3d9c0000 - 0x00007ffc3d9c8000 	C:\Windows\System32\NSI.dll
0x00007ffc33fd0000 - 0x00007ffc33fda000 	C:\Windows\System32\rasadhlp.dll
0x00007ffc338b0000 - 0x00007ffc3392f000 	C:\Windows\System32\fwpuclnt.dll
0x00007ffc3c900000 - 0x00007ffc3c927000 	C:\Windows\System32\bcrypt.dll
0x00007ffc23c50000 - 0x00007ffc23c59000 	D:\Programs\JDK11\bin\management.dll
0x00007ffc19b90000 - 0x00007ffc19b9b000 	D:\Programs\JDK11\bin\management_ext.dll
0x00007ffc3c060000 - 0x00007ffc3c078000 	C:\Windows\SYSTEM32\CRYPTSP.dll
0x00007ffc3b730000 - 0x00007ffc3b764000 	C:\Windows\system32\rsaenh.dll
0x00007ffc3c590000 - 0x00007ffc3c5be000 	C:\Windows\SYSTEM32\USERENV.dll
0x00007ffc3bf90000 - 0x00007ffc3bf9c000 	C:\Windows\SYSTEM32\CRYPTBASE.dll
0x00007ffc36330000 - 0x00007ffc36347000 	C:\Windows\SYSTEM32\dhcpcsvc6.DLL
0x00007ffc35df0000 - 0x00007ffc35e0d000 	C:\Windows\SYSTEM32\dhcpcsvc.DLL
0x00007ffc17320000 - 0x00007ffc17337000 	C:\Windows\system32\napinsp.dll
0x00007ffc17340000 - 0x00007ffc1735b000 	C:\Windows\system32\pnrpnsp.dll
0x00007ffc0af00000 - 0x00007ffc0af15000 	C:\Windows\system32\wshbth.dll
0x00007ffc38750000 - 0x00007ffc3876d000 	C:\Windows\system32\NLAapi.dll
0x00007ffc17f80000 - 0x00007ffc17f92000 	C:\Windows\System32\winrnr.dll
0x00007ffc172f0000 - 0x00007ffc17315000 	D:\Programs\JDK11\bin\sunec.dll

dbghelp: loaded successfully - version: 4.0.5 - missing functions: none
symbol engine: initialized successfully - sym options: 0x614 - pdb path: .;D:\Programs\JDK11\bin;C:\Windows\SYSTEM32;C:\Windows\WinSxS\amd64_microsoft.windows.common-controls_6595b64144ccf1df_6.0.19041.1110_none_60b5254171f9507e;D:\Programs\JDK11\bin\server

VM Arguments:
jvm_args: -agentlib:jdwp=transport=dt_socket,address=127.0.0.1:58427,suspend=y,server=n -XX:TieredStopAtLevel=1 -Xverify:none -Dspring.output.ansi.enabled=always -javaagent:D:\Programs\IntellijIDEA_2020_3_2\plugins\java\lib\rt\debugger-agent.jar -Dcom.sun.management.jmxremote -Dspring.jmx.enabled=true -Dspring.liveBeansView.mbeanDomain -Dspring.application.admin.enabled=true -Dfile.encoding=UTF-8 
java_command: com.tochko.advertising_platform.AdvertisingPlatformApplication
java_class_path (initial): D:\Deach_4\Диплом\backend\target\classes;D:\Deach_4\Диплом\backend\lib\javax.transaction.jar;D:\Deach_4\Диплом\backend\lib\javax.servlet.jsp.jstl.jar;D:\Deach_4\Диплом\backend\lib\javax.jms.jar;D:\Deach_4\Диплом\backend\lib\javax.ejb.jar;D:\Deach_4\Диплом\backend\lib\javax.resource.jar;D:\Deach_4\Диплом\backend\lib\javax.servlet.jsp.jar;C:\Users\User\.m2\repository\org\springframework\boot\spring-boot-starter-data-jpa\2.6.6\spring-boot-starter-data-jpa-2.6.6.jar;C:\Users\User\.m2\repository\org\springframework\boot\spring-boot-starter-aop\2.6.0\spring-boot-starter-aop-2.6.0.jar;C:\Users\User\.m2\repository\org\aspectj\aspectjweaver\1.9.7\aspectjweaver-1.9.7.jar;C:\Users\User\.m2\repository\org\springframework\boot\spring-boot-starter-jdbc\2.6.0\spring-boot-starter-jdbc-2.6.0.jar;C:\Users\User\.m2\repository\com\zaxxer\HikariCP\4.0.3\HikariCP-4.0.3.jar;C:\Users\User\.m2\repository\org\springframework\spring-jdbc\5.3.13\spring-jdbc-5.3.13.jar;C:\Users\User\.m2\repository\jakarta\transaction\jakarta.transaction-api\1.3.3\jakarta.transaction-api-1.3.3.jar;C:\Users\User\.m2\repository\jakarta\persistence\jakarta.persistence-api\2.2.3\jakarta.persistence-api-2.2.3.jar;C:\Users\User\.m2\repository\org\hibernate\hibernate-core\5.6.1.Final\hibernate-core-5.6.1.Final.jar;C:\Users\User\.m2\repository\org\jboss\logging\jboss-logging\3.4.2.Final\jboss-logging-3.4.2.Final.jar;C:\Users\User\.m2\repository\net\bytebuddy\byte-buddy\1.11.22\byte-buddy-1.11.22.jar;C:\Users\User\.m2\repository\antlr\antlr\2.7.7\antlr-2.7.7.jar;C:\Users\User\.m2\repository\org\jboss\jandex\2.2.3.Final\jandex-2.2.3.Final.jar;C:\Users\User\.m2\repository\com\fasterxml\classmate\1.5.1\classmate-1.5.1.jar;C:\Users\User\.m2\repository\org\hibernate\common\hibernate-commons-annotations\5.1.2.Final\hibernate-commons-annotations-5.1.2.Final.jar;C:\Users\User\.m2\repository\org\glassfish\jaxb\jaxb-runtime\2.3.5\jaxb-runtime-2.3.5.jar;C:\Users\User\.m2\repository\org\glassfish\jaxb\tx
Launcher Type: SUN_STANDARD

[Global flags]
     bool BytecodeVerificationLocal                = false                                     {product} {command line}
     bool BytecodeVerificationRemote               = false                                     {product} {command line}
     intx CICompilerCount                          = 4                                         {product} {ergonomic}
     uint ConcGCThreads                            = 2                                         {product} {ergonomic}
     uint G1ConcRefinementThreads                  = 8                                         {product} {ergonomic}
   size_t G1HeapRegionSize                         = 1048576                                   {product} {ergonomic}
    uintx GCDrainStackTargetSize                   = 64                                        {product} {ergonomic}
   size_t InitialHeapSize                          = 201326592                                 {product} {ergonomic}
     bool ManagementServer                         = true                                      {product} {command line}
   size_t MarkStackSize                            = 4194304                                   {product} {ergonomic}
   size_t MaxHeapSize                              = 3189768192                                {product} {ergonomic}
   size_t MaxNewSize                               = 1913651200                                {product} {ergonomic}
   size_t MinHeapDeltaBytes                        = 1048576                                   {product} {ergonomic}
    uintx NonNMethodCodeHeapSize                   = 7549744                                {pd product} {ergonomic}
    uintx NonProfiledCodeHeapSize                  = 244108496                              {pd product} {ergonomic}
    uintx ProfiledCodeHeapSize                     = 0                                      {pd product} {ergonomic}
    uintx ReservedCodeCacheSize                    = 251658240                              {pd product} {ergonomic}
     bool SegmentedCodeCache                       = true                                      {product} {ergonomic}
     intx TieredStopAtLevel                        = 1                                         {product} {command line}
     bool UseCompressedClassPointers               = true                                 {lp64_product} {ergonomic}
     bool UseCompressedOops                        = true                                 {lp64_product} {ergonomic}
     bool UseG1GC                                  = true                                      {product} {ergonomic}
     bool UseLargePagesIndividualAllocation        = false                                  {pd product} {ergonomic}

Logging:
Log output configuration:
 #0: stdout all=warning uptime,level,tags
 #1: stderr all=off uptime,level,tags

Environment Variables:
JAVA_HOME=D:\Programs\JDK11
PATH=C:\Program Files\Common Files\Oracle\Java\javapath;C:\Windows\system32;C:\Windows;C:\Windows\System32\Wbem;C:\Windows\System32\WindowsPowerShell\v1.0\;C:\Windows\System32\OpenSSH\;C:\Program Files (x86)\NVIDIA Corporation\PhysX\Common;D:\Programs\JDK11\bin;C:\gradle-7.3-all\gradle-7.3\bin;C:\apache-maven-3.8.4-bin\apache-maven-3.8.4\bin;C:\Program Files\dotnet\;C:\Program Files\Microsoft SQL Server\130\Tools\Binn\;C:\Program Files\Microsoft SQL Server\Client SDK\ODBC\170\Tools\Binn\;C:\Program Files\Docker\Docker\resources\bin;C:\ProgramData\DockerDesktop\version-bin;D:\Programs\Git\Git\cmd;C:\Users\User\AppData\Local\Programs\Python\Pyton310;D:\Programs\flutter_windows_2.8.1-stable\flutter\bin\;D:\Programs\NodeJS\;C:\Users\User\AppData\Local\Microsoft\WindowsApps;C:\Users\User\.dotnet\tools;C:\Users\User\AppData\Roaming\npm
USERNAME=User
OS=Windows_NT
PROCESSOR_IDENTIFIER=Intel64 Family 6 Model 142 Stepping 10, GenuineIntel



---------------  S Y S T E M  ---------------

OS: Windows 10 , 64 bit Build 19041 (10.0.19041.1645)
Hyper-V role detected

CPU:total 8 (initial active 8) (4 cores per cpu, 2 threads per core) family 6 model 142 stepping 10 microcode 0xb4, cmov, cx8, fxsr, mmx, sse, sse2, sse3, ssse3, sse4.1, sse4.2, popcnt, avx, avx2, aes, clmul, erms, 3dnowpref, lzcnt, ht, tsc, tscinvbit, bmi1, bmi2, adx, fma

Memory: 4k page, system-wide physical 12167M (1680M free)
TotalPageFile size 23431M (AvailPageFile size 7259M)
current process WorkingSet (physical memory assigned to process): 302M, peak: 302M
current process commit charge ("private bytes"): 406M, peak: 406M

vm_info: Java HotSpot(TM) 64-Bit Server VM (11.0.12+8-LTS-237) for windows-amd64 JRE (11.0.12+8-LTS-237), built on Jun  8 2021 11:25:59 by "mach5one" with MS VC++ 15.9 (VS2017)

END.
